<?xml version="1.0" encoding="UTF-8"?>
<!-- Generated by org.testng.reporters.JUnitReportReporter -->
<testsuite hostname="DESKTOP-SHO85OO" failures="0" tests="1" name="test.test2" time="30.750" errors="0" timestamp="2023-06-18T11:35:58 IST" skipped="0">
  <testcase classname="test.test2" name="test1" time="30.750"/>
  <system-out/>
</testsuite> <!-- test.test2 -->
