<?xml version="1.0" encoding="UTF-8"?>
<!-- Generated by org.testng.reporters.JUnitReportReporter -->
<testsuite hostname="DESKTOP-SHO85OO" failures="0" tests="1" name="amazaion.a1" time="32.161" errors="0" timestamp="2023-06-23T09:18:08 IST" skipped="0">
  <testcase classname="amazaion.a1" name="main" time="32.161"/>
  <system-out/>
</testsuite> <!-- amazaion.a1 -->
