<?xml version="1.0" encoding="UTF-8"?>
<!-- Generated by org.testng.reporters.JUnitReportReporter -->
<testsuite hostname="DESKTOP-SHO85OO" failures="0" tests="1" name="read_write_exl.read" time="1.005" errors="0" timestamp="2023-06-02T08:08:51 IST" skipped="0">
  <testcase classname="read_write_exl.read" name="main" time="1.005"/>
  <system-out/>
</testsuite> <!-- read_write_exl.read -->
