<?xml version="1.0" encoding="UTF-8"?>
<!-- Generated by org.testng.reporters.JUnitReportReporter -->
<testsuite hostname="DESKTOP-SHO85OO" failures="0" tests="1" name="test.test" time="13.190" errors="0" timestamp="2023-06-02T15:38:14 IST" skipped="0">
  <testcase classname="test.test" name="test1" time="13.190"/>
  <system-out/>
</testsuite> <!-- test.test -->
