<?xml version="1.0" encoding="UTF-8"?>
<!-- Generated by org.testng.reporters.JUnitReportReporter -->
<testsuite hostname="DESKTOP-SHO85OO" failures="0" tests="1" name="t2.test3" time="4.294" errors="0" timestamp="2023-06-23T18:17:35 IST" skipped="0">
  <testcase classname="t2.test3" name="m3" time="4.294"/>
  <system-out/>
</testsuite> <!-- t2.test3 -->
