<?xml version="1.0" encoding="UTF-8"?>
<!-- Generated by org.testng.reporters.JUnitReportReporter -->
<testsuite hostname="DESKTOP-SHO85OO" failures="0" tests="1" name="explcit" time="4.391" errors="0" timestamp="2023-06-02T09:33:47 IST" skipped="0">
  <testcase classname="explcit" name="main" time="4.391"/>
  <system-out/>
</testsuite> <!-- explcit -->
