<?xml version="1.0" encoding="UTF-8"?>
<!-- Generated by org.testng.reporters.JUnitReportReporter -->
<testsuite hostname="DESKTOP-SHO85OO" failures="0" tests="1" name="d3.d4" time="42.598" errors="0" timestamp="2023-06-19T09:03:39 IST" skipped="0">
  <testcase classname="d3.d4" name="main" time="42.598"/>
  <system-out/>
</testsuite> <!-- d3.d4 -->
