<?xml version="1.0" encoding="UTF-8"?>
<!-- Generated by org.testng.reporters.JUnitReportReporter -->
<testsuite hostname="DESKTOP-SHO85OO" failures="0" tests="2" name="amazaion.datap" time="14.211" errors="0" timestamp="2023-06-26T08:46:15 IST" skipped="0">
  <testcase classname="amazaion.datap" name="Dataprosample" time="7.649"/>
  <system-out/>
  <testcase classname="amazaion.datap" name="Dataprosample" time="6.562"/>
  <system-out/>
</testsuite> <!-- amazaion.datap -->
