<?xml version="1.0" encoding="UTF-8"?>
<!-- Generated by org.testng.reporters.JUnitReportReporter -->
<testsuite hostname="DESKTOP-SHO85OO" failures="0" tests="1" name="read_write_exl.d5" time="1.248" errors="0" timestamp="2023-06-27T19:00:22 IST" skipped="0">
  <testcase classname="read_write_exl.d5" name="main" time="1.248"/>
  <system-out/>
</testsuite> <!-- read_write_exl.d5 -->
