<?xml version="1.0" encoding="UTF-8"?>
<!-- Generated by org.testng.reporters.JUnitReportReporter -->
<testsuite hostname="DESKTOP-SHO85OO" failures="0" tests="1" name="parameter.a1" time="3.308" errors="0" timestamp="2023-06-23T17:52:41 IST" skipped="0">
  <testcase classname="parameter.a1" name="main" time="3.308"/>
  <system-out/>
</testsuite> <!-- parameter.a1 -->
