<?xml version="1.0" encoding="UTF-8"?>
<!-- Generated by org.testng.reporters.JUnitReportReporter -->
<testsuite hostname="DESKTOP-SHO85OO" failures="0" tests="1" name="amazaion.d2" time="7.844" errors="0" timestamp="2023-06-26T09:02:49 IST" skipped="0">
  <testcase classname="amazaion.d2" name="main" time="7.844"/>
  <system-out/>
</testsuite> <!-- amazaion.d2 -->
