<?xml version="1.0" encoding="UTF-8"?>
<!-- Generated by org.testng.reporters.JUnitReportReporter -->
<testsuite hostname="DESKTOP-SHO85OO" failures="0" tests="1" name="project.facebook" time="30.336" errors="0" timestamp="2023-06-28T09:21:34 IST" skipped="0">
  <testcase classname="project.facebook" name="main" time="30.336"/>
  <system-out/>
</testsuite> <!-- project.facebook -->
